This is pdfTeX, Version 3.14159265-2.6-1.40.16 (TeX Live 2015) (preloaded format=pdflatex 2015.5.24)  27 JUL 2015 10:12
entering extended mode
 restricted \write18 enabled.
 file:line:error style messages enabled.
 %&-line parsing enabled.
**anteproyecto.tex
(./anteproyecto.tex
LaTeX2e <2015/01/01>
Babel <3.9l> and hyphenation patterns for 79 languages loaded.
(./udpbook.cls
Document Class: udpbook 2006/01/27 v1.0 LaTeX2e UDP document class
(./udpbase.sty
Package: udpbase 2006/01/01 v1.0 LaTeX2e UDP base document package
 (/usr/local/texlive/2015/texmf-dist/tex/latex/base/ifthen.sty
Package: ifthen 2014/09/29 v1.1c Standard LaTeX ifthen package (DPC)
)
(/usr/local/texlive/2015/texmf-dist/tex/latex/graphics/graphicx.sty
Package: graphicx 2014/10/28 v1.0g Enhanced LaTeX Graphics (DPC,SPQR)

(/usr/local/texlive/2015/texmf-dist/tex/latex/graphics/keyval.sty
Package: keyval 2014/10/28 v1.15 key=value parser (DPC)
\KV@toks@=\toks14
)
(/usr/local/texlive/2015/texmf-dist/tex/latex/graphics/graphics.sty
Package: graphics 2014/10/28 v1.0p Standard LaTeX Graphics (DPC,SPQR)

(/usr/local/texlive/2015/texmf-dist/tex/latex/graphics/trig.sty
Package: trig 1999/03/16 v1.09 sin cos tan (DPC)
)
(/usr/local/texlive/2015/texmf-dist/tex/latex/latexconfig/graphics.cfg
File: graphics.cfg 2010/04/23 v1.9 graphics configuration of TeX Live
)
Package graphics Info: Driver file: pdftex.def on input line 94.

(/usr/local/texlive/2015/texmf-dist/tex/latex/pdftex-def/pdftex.def
File: pdftex.def 2011/05/27 v0.06d Graphics/color for pdfTeX

(/usr/local/texlive/2015/texmf-dist/tex/generic/oberdiek/infwarerr.sty
Package: infwarerr 2010/04/08 v1.3 Providing info/warning/error messages (HO)
)
(/usr/local/texlive/2015/texmf-dist/tex/generic/oberdiek/ltxcmds.sty
Package: ltxcmds 2011/11/09 v1.22 LaTeX kernel commands for general use (HO)
)
\Gread@gobject=\count79
))
\Gin@req@height=\dimen102
\Gin@req@width=\dimen103
)
(/usr/local/texlive/2015/texmf-dist/tex/latex/graphics/epsfig.sty
Package: epsfig 1999/02/16 v1.7a (e)psfig emulation (SPQR)
\epsfxsize=\dimen104
\epsfysize=\dimen105
))
(/usr/local/texlive/2015/texmf-dist/tex/latex/base/book.cls
Document Class: book 2014/09/29 v1.4h Standard LaTeX document class
(/usr/local/texlive/2015/texmf-dist/tex/latex/base/bk11.clo
File: bk11.clo 2014/09/29 v1.4h Standard LaTeX file (size option)
)
\c@part=\count80
\c@chapter=\count81
\c@section=\count82
\c@subsection=\count83
\c@subsubsection=\count84
\c@paragraph=\count85
\c@subparagraph=\count86
\c@figure=\count87
\c@table=\count88
\abovecaptionskip=\skip41
\belowcaptionskip=\skip42
\bibindent=\dimen106
)
(/usr/local/texlive/2015/texmf-dist/tex/latex/geometry/geometry.sty
Package: geometry 2010/09/12 v5.6 Page Geometry

(/usr/local/texlive/2015/texmf-dist/tex/generic/oberdiek/ifpdf.sty
Package: ifpdf 2011/01/30 v2.3 Provides the ifpdf switch (HO)
Package ifpdf Info: pdfTeX in PDF mode is detected.
)
(/usr/local/texlive/2015/texmf-dist/tex/generic/oberdiek/ifvtex.sty
Package: ifvtex 2010/03/01 v1.5 Detect VTeX and its facilities (HO)
Package ifvtex Info: VTeX not detected.
)
(/usr/local/texlive/2015/texmf-dist/tex/generic/ifxetex/ifxetex.sty
Package: ifxetex 2010/09/12 v0.6 Provides ifxetex conditional
)
\Gm@cnth=\count89
\Gm@cntv=\count90
\c@Gm@tempcnt=\count91
\Gm@bindingoffset=\dimen107
\Gm@wd@mp=\dimen108
\Gm@odd@mp=\dimen109
\Gm@even@mp=\dimen110
\Gm@layoutwidth=\dimen111
\Gm@layoutheight=\dimen112
\Gm@layouthoffset=\dimen113
\Gm@layoutvoffset=\dimen114
\Gm@dimlist=\toks15
)
(/usr/local/texlive/2015/texmf-dist/tex/generic/babel/babel.sty
Package: babel 2014/09/25 3.9l The Babel package

(/usr/local/texlive/2015/texmf-dist/tex/generic/babel-spanish/spanish.ldf
Language: spanish.ldf 2014/04/24 v5.0n Spanish support from the babel system

(/usr/local/texlive/2015/texmf-dist/tex/generic/babel/babel.def
File: babel.def 2014/09/25 3.9l Babel common definitions
\babel@savecnt=\count92
\U@D=\dimen115
)
\es@quottoks=\toks16
\es@quotdepth=\count93
Package babel Info: Making " an active character on input line 516.
Package babel Info: Making . an active character on input line 617.
Package babel Info: Making < an active character on input line 662.
Package babel Info: Making > an active character on input line 662.
))
(/usr/local/texlive/2015/texmf-dist/tex/latex/graphics/color.sty
Package: color 2014/10/28 v1.1a Standard LaTeX Color (DPC)

(/usr/local/texlive/2015/texmf-dist/tex/latex/latexconfig/color.cfg
File: color.cfg 2007/01/18 v1.5 color configuration of teTeX/TeXLive
)
Package color Info: Driver file: pdftex.def on input line 142.
)
(/usr/local/texlive/2015/texmf-dist/tex/latex/tools/calc.sty
Package: calc 2014/10/28 v4.3 Infix arithmetic (KKT,FJ)
\calc@Acount=\count94
\calc@Bcount=\count95
\calc@Adimen=\dimen116
\calc@Bdimen=\dimen117
\calc@Askip=\skip43
\calc@Bskip=\skip44
LaTeX Info: Redefining \setlength on input line 80.
LaTeX Info: Redefining \addtolength on input line 81.
\calc@Ccount=\count96
\calc@Cskip=\skip45
)
(/usr/local/texlive/2015/texmf-dist/tex/latex/setspace/setspace.sty
Package: setspace 2011/12/19 v6.7a set line spacing
)
(/usr/local/texlive/2015/texmf-dist/tex/latex/fancyhdr/fancyhdr.sty
\fancy@headwidth=\skip46
\f@ncyO@elh=\skip47
\f@ncyO@erh=\skip48
\f@ncyO@olh=\skip49
\f@ncyO@orh=\skip50
\f@ncyO@elf=\skip51
\f@ncyO@erf=\skip52
\f@ncyO@olf=\skip53
\f@ncyO@orf=\skip54
)
(/usr/local/texlive/2015/texmf-dist/tex/latex/url/url.sty
\Urlmuskip=\muskip10
Package: url 2013/09/16  ver 3.4  Verb mode for urls, etc.
))
(/Users/jguzman/thesis-udp/anteproyecto/.texpadtmp/anteproyecto.aux
LaTeX Info: Redefining \. on input line 6.
LaTeX Info: Redefining \% on input line 6.


LaTeX Warning: Label `Ventajas y desventajas de MySQL' multiply defined.

)
\openout1 = `anteproyecto.aux'.

LaTeX Font Info:    Checking defaults for OML/cmm/m/it on input line 6.
LaTeX Font Info:    ... okay on input line 6.
LaTeX Font Info:    Checking defaults for T1/cmr/m/n on input line 6.
LaTeX Font Info:    ... okay on input line 6.
LaTeX Font Info:    Checking defaults for OT1/cmr/m/n on input line 6.
LaTeX Font Info:    ... okay on input line 6.
LaTeX Font Info:    Checking defaults for OMS/cmsy/m/n on input line 6.
LaTeX Font Info:    ... okay on input line 6.
LaTeX Font Info:    Checking defaults for OMX/cmex/m/n on input line 6.
LaTeX Font Info:    ... okay on input line 6.
LaTeX Font Info:    Checking defaults for U/cmr/m/n on input line 6.
LaTeX Font Info:    ... okay on input line 6.
 (/usr/local/texlive/2015/texmf-dist/tex/context/base/supp-pdf.mkii
[Loading MPS to PDF converter (version 2006.09.02).]
\scratchcounter=\count97
\scratchdimen=\dimen118
\scratchbox=\box26
\nofMPsegments=\count98
\nofMParguments=\count99
\everyMPshowfont=\toks17
\MPscratchCnt=\count100
\MPscratchDim=\dimen119
\MPnumerator=\count101
\makeMPintoPDFobject=\count102
\everyMPtoPDFconversion=\toks18
) (/usr/local/texlive/2015/texmf-dist/tex/generic/oberdiek/pdftexcmds.sty
Package: pdftexcmds 2011/11/29 v0.20 Utility functions of pdfTeX for LuaTeX (HO
)

(/usr/local/texlive/2015/texmf-dist/tex/generic/oberdiek/ifluatex.sty
Package: ifluatex 2010/03/01 v1.3 Provides the ifluatex switch (HO)
Package ifluatex Info: LuaTeX not detected.
)
Package pdftexcmds Info: LuaTeX not detected.
Package pdftexcmds Info: \pdf@primitive is available.
Package pdftexcmds Info: \pdf@ifprimitive is available.
Package pdftexcmds Info: \pdfdraftmode found.
)
(/usr/local/texlive/2015/texmf-dist/tex/latex/oberdiek/epstopdf-base.sty
Package: epstopdf-base 2010/02/09 v2.5 Base part for package epstopdf

(/usr/local/texlive/2015/texmf-dist/tex/latex/oberdiek/grfext.sty
Package: grfext 2010/08/19 v1.1 Manage graphics extensions (HO)

(/usr/local/texlive/2015/texmf-dist/tex/generic/oberdiek/kvdefinekeys.sty
Package: kvdefinekeys 2011/04/07 v1.3 Define keys (HO)
))
(/usr/local/texlive/2015/texmf-dist/tex/latex/oberdiek/kvoptions.sty
Package: kvoptions 2011/06/30 v3.11 Key value format for package options (HO)

(/usr/local/texlive/2015/texmf-dist/tex/generic/oberdiek/kvsetkeys.sty
Package: kvsetkeys 2012/04/25 v1.16 Key value parser (HO)

(/usr/local/texlive/2015/texmf-dist/tex/generic/oberdiek/etexcmds.sty
Package: etexcmds 2011/02/16 v1.5 Avoid name clashes with e-TeX commands (HO)
Package etexcmds Info: Could not find \expanded.
(etexcmds)             That can mean that you are not using pdfTeX 1.50 or
(etexcmds)             that some package has redefined \expanded.
(etexcmds)             In the latter case, load this package earlier.
)))
Package grfext Info: Graphics extension search list:
(grfext)             [.png,.pdf,.jpg,.mps,.jpeg,.jbig2,.jb2,.PNG,.PDF,.JPG,.JPE
G,.JBIG2,.JB2,.eps]
(grfext)             \AppendGraphicsExtensions on input line 452.

(/usr/local/texlive/2015/texmf-dist/tex/latex/latexconfig/epstopdf-sys.cfg
File: epstopdf-sys.cfg 2010/07/13 v1.3 Configuration of (r)epstopdf for TeX Liv
e
))
*geometry* driver: auto-detecting
*geometry* detected driver: pdftex
*geometry* verbose mode - [ preamble ] result:
* driver: pdftex
* paper: letterpaper
* layout: <same size as paper>
* layoutoffset:(h,v)=(0.0pt,0.0pt)
* bindingoffset: 36.135pt
* modes: twoside 
* h-part:(L,W,R)=(126.47249pt, 361.35002pt, 90.3375pt)
* v-part:(T,H,B)=(65.04256pt, 637.78363pt, 92.1438pt)
* \paperwidth=614.295pt
* \paperheight=794.96999pt
* \textwidth=361.35002pt
* \textheight=637.78363pt
* \oddsidemargin=90.3375pt
* \evensidemargin=18.0675pt
* \topmargin=-7.22743pt
* \headheight=0.0pt
* \headsep=0.0pt
* \topskip=11.0pt
* \footskip=27.46295pt
* \marginparwidth=72.26999pt
* \marginparsep=7.0pt
* \columnsep=10.0pt
* \skip\footins=10.0pt plus 4.0pt minus 2.0pt
* \hoffset=0.0pt
* \voffset=0.0pt
* \mag=1000
* \@twocolumnfalse
* \@twosidetrue
* \@mparswitchtrue
* \@reversemarginfalse
* (1in=72.27pt=25.4mm, 1cm=28.453pt)

LaTeX Info: Redefining \. on input line 6.
LaTeX Info: Redefining \% on input line 6.
<udplogo.pdf, id=1, 195.73125pt x 72.27pt>
File: udplogo.pdf Graphic file (type pdf)
 <use udplogo.pdf>
Package pdftex.def Info: udplogo.pdf used on input line 13.
(pdftex.def)             Requested size: 195.73076pt x 72.2698pt.
Missing character: There is no √ in font cmbx10!
Missing character: There is no ≠ in font cmbx10!
Missing character: There is no √ in font cmbx10!
Missing character: There is no ° in font cmbx10!
 [1

{/usr/local/texlive/2015/texmf-var/fonts/map/pdftex/updmap/pdftex.map} <./udplo
go.pdf>]
[2

] [3

] [4

]
Missing character: There is no √ in font cmbx12!
Missing character: There is no ≠ in font cmbx12!
Missing character: There is no √ in font cmbx12!
Missing character: There is no ≠ in font cmbx12!
Missing character: There is no √ in font cmbx12!
Missing character: There is no ≠ in font cmbx12!
Missing character: There is no √ in font cmbx12!
Missing character: There is no ≥ in font cmbx12!
Missing character: There is no √ in font cmbx12!
Missing character: There is no ≠ in font cmbx12!
Missing character: There is no √ in font cmbx10!
Missing character: There is no ≠ in font cmbx10!
Missing character: There is no √ in font cmbx10!
Missing character: There is no ≥ in font cmbx10!
 [5]
Missing character: There is no √ in font cmsl10!
Missing character: There is no ç in font cmsl10!
Missing character: There is no √ in font cmsl10!
Missing character: There is no ç in font cmsl10!
Missing character: There is no √ in font cmsl10!
Missing character: There is no ç in font cmsl10!
Missing character: There is no √ in font cmbx12!
Missing character: There is no ≠ in font cmbx12!
Missing character: There is no √ in font cmbx12!
Missing character: There is no ≥ in font cmbx12!
Missing character: There is no √ in font cmbx12!
Missing character: There is no ≠ in font cmbx12!
Missing character: There is no √ in font cmbx12!
Missing character: There is no ≠ in font cmbx12!
Missing character: There is no √ in font cmbx12!
Missing character: There is no ≠ in font cmbx12!
 [6]
Missing character: There is no √ in font cmbx12!
Missing character: There is no ≠ in font cmbx12!
Missing character: There is no √ in font cmbx12!
Missing character: There is no ≥ in font cmbx12!
Missing character: There is no √ in font cmbx12!
Missing character: There is no ≠ in font cmbx12!
 [7] [8

]
Missing character: There is no √ in font cmbxsl10!
Missing character: There is no ç in font cmbxsl10!
Missing character: There is no √ in font cmbxsl10!
Missing character: There is no ç in font cmbxsl10!
Missing character: There is no √ in font cmsl10!
Missing character: There is no ≥ in font cmsl10!
LaTeX Font Info:    External font `cmex10' loaded for size
(Font)              <10.95> on input line 112.
LaTeX Font Info:    External font `cmex10' loaded for size
(Font)              <8> on input line 112.
LaTeX Font Info:    External font `cmex10' loaded for size
(Font)              <6> on input line 112.
Missing character: There is no √ in font cmsl10!
Missing character: There is no ° in font cmsl10!
Missing character: There is no √ in font cmsl10!
Missing character: There is no ≥ in font cmsl10!
Missing character: There is no √ in font cmsl10!
Missing character: There is no ≥ in font cmsl10!

<Figuras/imagen1.png, id=39, 293.59688pt x 121.95563pt>
File: Figuras/imagen1.png Graphic file (type png)

<use Figuras/imagen1.png>
Package pdftex.def Info: Figuras/imagen1.png used on input line 135.
(pdftex.def)             Requested size: 234.8753pt x 97.56274pt.

<Figuras/imagen1.pdf, id=41, 391.4625pt x 162.6075pt>
File: Figuras/imagen1.pdf Graphic file (type pdf)

<use Figuras/imagen1.pdf>
Package pdftex.def Info: Figuras/imagen1.pdf used on input line 146.
(pdftex.def)             Requested size: 234.8753pt x 97.56525pt.
Missing character: There is no √ in font cmsl10!
Missing character: There is no ± in font cmsl10!
Missing character: There is no √ in font cmsl10!
Missing character: There is no ° in font cmsl10!
Missing character: There is no √ in font cmsl10!
Missing character: There is no ± in font cmsl10!
Missing character: There is no √ in font cmsl10!
Missing character: There is no ± in font cmsl10!
Missing character: There is no √ in font cmsl10!
Missing character: There is no ± in font cmsl10!
Missing character: There is no √ in font cmr10!
Missing character: There is no ≥ in font cmr10!
Missing character: There is no √ in font cmr10!
Missing character: There is no ≠ in font cmr10!
Missing character: There is no √ in font cmr10!
Missing character: There is no ≥ in font cmr10!
Missing character: There is no √ in font cmr10!
Missing character: There is no ≥ in font cmr10!
Missing character: There is no √ in font cmr10!
Missing character: There is no ≥ in font cmr10!
Missing character: There is no √ in font cmr10!
Missing character: There is no ≥ in font cmr10!

Overfull \hbox (65.46645pt too wide) in paragraph at lines 169--201
 [] 
 []

Missing character: There is no √ in font cmr10!
Missing character: There is no ≥ in font cmr10!
Missing character: There is no √ in font cmr10!
Missing character: There is no © in font cmr10!
[9]
Missing character: There is no √ in font cmsl10!
Missing character: There is no ≥ in font cmsl10!
Missing character: There is no √ in font cmsl10!
Missing character: There is no ± in font cmsl10!
Missing character: There is no √ in font cmsl10!
Missing character: There is no ± in font cmsl10!
Missing character: There is no √ in font cmsl10!
Missing character: There is no ± in font cmsl10!
Missing character: There is no √ in font cmr10!
Missing character: There is no ° in font cmr10!

Underfull \hbox (badness 1014) in paragraph at lines 244--244
[]\OT1/cmr/m/n/10.95 El con-jun-to de apli-ca-cio-nes
 []


Underfull \hbox (badness 10000) in paragraph at lines 244--244
[]\OT1/cmr/m/n/10.95 Carece de so-por-te pa-ra
 []


Underfull \hbox (badness 10000) in paragraph at lines 244--244
\OT1/cmr/m/n/10.95 transac-cio-nes, roll-back's y
 []

Missing character: There is no √ in font cmr10!
Missing character: There is no ≥ in font cmr10!
Missing character: There is no √ in font cmr10!
Missing character: There is no ≥ in font cmr10!
Missing character: There is no √ in font cmr10!
Missing character: There is no ≥ in font cmr10!
Missing character: There is no √ in font cmr10!
Missing character: There is no ≥ in font cmr10!
Missing character: There is no √ in font cmr10!
Missing character: There is no ≥ in font cmr10!
Missing character: There is no √ in font cmr10!
Missing character: There is no ° in font cmr10!
Missing character: There is no √ in font cmr10!
Missing character: There is no ≥ in font cmr10!
Missing character: There is no √ in font cmr10!
Missing character: There is no ≥ in font cmr10!
Missing character: There is no √ in font cmr10!
Missing character: There is no ≥ in font cmr10!
Missing character: There is no √ in font cmr10!
Missing character: There is no ≥ in font cmr10!
Missing character: There is no √ in font cmr10!
Missing character: There is no ≥ in font cmr10!

Overfull \hbox (65.4614pt too wide) in paragraph at lines 258--286
 [] 
 []

Missing character: There is no √ in font cmsl10!
Missing character: There is no ≥ in font cmsl10!
Missing character: There is no √ in font cmsl10!
Missing character: There is no ≠ in font cmsl10!
Missing character: There is no √ in font cmsl10!
Missing character: There is no ≥ in font cmsl10!
Missing character: There is no √ in font cmsl10!
Missing character: There is no ≠ in font cmsl10!

Underfull \vbox (badness 10000) has occurred while \output is active []

 [10 <./Figuras/imagen1.png> <./Figuras/imagen1.pdf>] [11]

LaTeX Warning: Citation `flanagan1998javascript' on page 12 undefined on input 
line 307.

Missing character: There is no √ in font cmsl10!
Missing character: There is no ≠ in font cmsl10!

LaTeX Warning: Citation `stonebraker1991postgres' on page 12 undefined on input
 line 307.

Missing character: There is no √ in font cmsl10!
Missing character: There is no ° in font cmsl10!

LaTeX Warning: Citation `SCDPreguntas' on page 12 undefined on input line 307.

[12] [13

] [14

] [15] [16

]
Missing character: There is no √ in font cmbxsl10!
Missing character: There is no ç in font cmbxsl10!
Missing character: There is no √ in font cmbxsl10!
Missing character: There is no ç in font cmbxsl10!
 [17] [18

]
(/Users/jguzman/thesis-udp/anteproyecto/.texpadtmp/anteproyecto.aux
LaTeX Info: Redefining \. on input line 6.
LaTeX Info: Redefining \% on input line 6.
)

LaTeX Warning: There were undefined references.


LaTeX Warning: There were multiply-defined labels.

 ) 
Here is how much of TeX's memory you used:
 3339 strings out of 493089
 46902 string characters out of 6134842
 128377 words of memory out of 5000000
 6775 multiletter control sequences out of 15000+600000
 10278 words of font info for 35 fonts, out of 8000000 for 9000
 1141 hyphenation exceptions out of 8191
 41i,12n,45p,373b,384s stack positions out of 5000i,500n,10000p,200000b,80000s
</usr/local/texlive/2015/texmf-dist/fonts/type1/public/amsfonts/cm/cmbx10.pfb
></usr/local/texlive/2015/texmf-dist/fonts/type1/public/amsfonts/cm/cmbx12.pfb>
</usr/local/texlive/2015/texmf-dist/fonts/type1/public/amsfonts/cm/cmbxsl10.pfb
></usr/local/texlive/2015/texmf-dist/fonts/type1/public/amsfonts/cm/cmex10.pfb>
</usr/local/texlive/2015/texmf-dist/fonts/type1/public/amsfonts/cm/cmmi10.pfb><
/usr/local/texlive/2015/texmf-dist/fonts/type1/public/amsfonts/cm/cmmi8.pfb></u
sr/local/texlive/2015/texmf-dist/fonts/type1/public/amsfonts/cm/cmr10.pfb></usr
/local/texlive/2015/texmf-dist/fonts/type1/public/amsfonts/cm/cmr8.pfb></usr/lo
cal/texlive/2015/texmf-dist/fonts/type1/public/amsfonts/cm/cmsl10.pfb></usr/loc
al/texlive/2015/texmf-dist/fonts/type1/public/amsfonts/cm/cmsy8.pfb>
Output written on /Users/jguzman/thesis-udp/anteproyecto/.texpadtmp/anteproyect
o.pdf (18 pages, 172272 bytes).
PDF statistics:
 117 PDF objects out of 1000 (max. 8388607)
 79 compressed objects within 1 object stream
 0 named destinations out of 1000 (max. 500000)
 28 words of extra memory for PDF output out of 10000 (max. 10000000)

